<?xml version="1.0" encoding="UTF-8"?>
<!-- Generated by org.testng.reporters.JUnitReportReporter -->
<testsuite hostname="HEXSTU12" name="myPackage.LoginTestRunner" tests="1" failures="0" timestamp="31 May 2016 19:36:39 GMT" time="0.148" errors="0">
  <testcase name="feature" time="0.148" classname="myPackage.LoginTestRunner"/>
</testsuite> <!-- myPackage.LoginTestRunner -->
